2024-10-07 20:00:02,426 - INFO - Script Started
2024-10-07 20:15:04,211 - INFO - Script Started
2024-10-07 20:15:04,211 - INFO - ##############################################
2024-10-07 20:15:05,679 - INFO - Brown Dust II detected! Tracking Started.
2024-10-07 20:15:05,684 - INFO - Updated Discord Presence for Brown Dust II
2024-10-07 20:15:06,074 - INFO - NIKKE detected! Tracking Started.
2024-10-07 20:15:06,077 - INFO - Updated Discord Presence for NIKKE
2024-10-07 20:15:16,090 - INFO - Updated Discord Presence for Brown Dust II
2024-10-07 20:15:16,104 - INFO - Updated Discord Presence for NIKKE
2024-10-07 20:15:26,114 - INFO - Updated Discord Presence for Brown Dust II
2024-10-07 20:15:26,126 - INFO - Updated Discord Presence for NIKKE
2024-10-07 20:15:29,784 - INFO - Tracking stopped.
2024-10-07 20:15:31,973 - INFO - Updated Discord Presence for Brown Dust II
2024-10-07 20:15:32,013 - INFO - Updated Discord Presence for NIKKE
2024-10-07 20:15:36,139 - INFO - Updated Discord Presence for Brown Dust II
2024-10-07 20:15:36,150 - INFO - Updated Discord Presence for NIKKE
2024-10-07 20:15:39,125 - INFO - Tracking stopped.
2024-10-07 20:15:47,667 - INFO - Updated Discord Presence for Brown Dust II
2024-10-07 20:15:47,696 - INFO - Updated Discord Presence for NIKKE
2024-10-07 20:15:57,707 - INFO - Updated Discord Presence for Brown Dust II
2024-10-07 20:15:57,717 - INFO - Updated Discord Presence for NIKKE
2024-10-07 20:16:07,729 - INFO - Updated Discord Presence for Brown Dust II
2024-10-07 20:16:07,740 - INFO - Updated Discord Presence for NIKKE
2024-10-07 20:16:17,753 - INFO - Updated Discord Presence for Brown Dust II
2024-10-07 20:16:17,763 - INFO - Updated Discord Presence for NIKKE
2024-10-07 20:16:27,775 - INFO - Updated Discord Presence for Brown Dust II
2024-10-07 20:16:27,786 - INFO - Updated Discord Presence for NIKKE
2024-10-07 20:16:37,797 - INFO - Updated Discord Presence for Brown Dust II
2024-10-07 20:16:37,808 - INFO - Updated Discord Presence for NIKKE
2024-10-07 20:16:47,820 - INFO - Updated Discord Presence for Brown Dust II
2024-10-07 20:16:47,830 - INFO - Updated Discord Presence for NIKKE
2024-10-07 20:16:57,842 - INFO - Updated Discord Presence for Brown Dust II
2024-10-07 20:16:57,852 - INFO - Updated Discord Presence for NIKKE
2024-10-07 20:17:07,863 - INFO - Updated Discord Presence for Brown Dust II
2024-10-07 20:17:07,875 - INFO - Updated Discord Presence for NIKKE
2024-10-07 20:17:17,888 - INFO - Updated Discord Presence for Brown Dust II
2024-10-07 20:17:17,899 - INFO - Updated Discord Presence for NIKKE
2024-10-07 20:17:27,910 - INFO - Updated Discord Presence for Brown Dust II
2024-10-07 20:17:27,922 - INFO - Updated Discord Presence for NIKKE
2024-10-07 20:17:37,933 - INFO - Updated Discord Presence for Brown Dust II
2024-10-07 20:17:37,944 - INFO - Updated Discord Presence for NIKKE
2024-10-07 20:17:47,956 - INFO - Updated Discord Presence for Brown Dust II
2024-10-07 20:17:47,967 - INFO - Updated Discord Presence for NIKKE
2024-10-07 20:17:57,978 - INFO - Updated Discord Presence for Brown Dust II
2024-10-07 20:17:57,990 - INFO - Updated Discord Presence for NIKKE
2024-10-07 20:18:08,002 - INFO - Updated Discord Presence for Brown Dust II
2024-10-07 20:18:08,013 - INFO - Updated Discord Presence for NIKKE
2024-10-07 20:18:18,024 - INFO - Updated Discord Presence for Brown Dust II
2024-10-07 20:18:18,035 - INFO - Updated Discord Presence for NIKKE
2024-10-07 20:18:28,046 - INFO - Updated Discord Presence for Brown Dust II
2024-10-07 20:18:28,057 - INFO - Updated Discord Presence for NIKKE
2024-10-07 20:18:38,067 - INFO - Updated Discord Presence for Brown Dust II
2024-10-07 20:18:38,077 - INFO - Updated Discord Presence for NIKKE
2024-10-07 20:18:48,088 - INFO - Updated Discord Presence for Brown Dust II
2024-10-07 20:18:48,098 - INFO - Updated Discord Presence for NIKKE
2024-10-07 20:18:58,110 - INFO - Updated Discord Presence for Brown Dust II
2024-10-07 20:18:58,120 - INFO - Updated Discord Presence for NIKKE
2024-10-07 20:19:08,133 - INFO - Updated Discord Presence for Brown Dust II
2024-10-07 20:19:08,156 - INFO - Updated Discord Presence for NIKKE
2024-10-07 20:19:18,166 - INFO - Updated Discord Presence for Brown Dust II
2024-10-07 20:19:18,177 - INFO - Updated Discord Presence for NIKKE
2024-10-07 20:19:28,186 - INFO - Updated Discord Presence for Brown Dust II
2024-10-07 20:19:28,195 - INFO - Updated Discord Presence for NIKKE
2024-10-07 20:19:38,205 - INFO - Updated Discord Presence for Brown Dust II
2024-10-07 20:19:38,233 - INFO - Updated Discord Presence for NIKKE
2024-10-07 20:19:48,247 - INFO - Updated Discord Presence for Brown Dust II
2024-10-07 20:19:48,259 - INFO - Updated Discord Presence for NIKKE
2024-10-07 20:19:58,272 - INFO - Updated Discord Presence for Brown Dust II
2024-10-07 20:19:58,283 - INFO - Updated Discord Presence for NIKKE
2024-10-07 20:20:08,296 - INFO - Updated Discord Presence for Brown Dust II
2024-10-07 20:20:08,308 - INFO - Updated Discord Presence for NIKKE
2024-10-07 20:20:18,320 - INFO - Updated Discord Presence for Brown Dust II
2024-10-07 20:20:18,330 - INFO - Updated Discord Presence for NIKKE
2024-10-07 20:20:28,344 - INFO - Updated Discord Presence for Brown Dust II
2024-10-07 20:20:28,355 - INFO - Updated Discord Presence for NIKKE
2024-10-07 20:20:38,367 - INFO - Updated Discord Presence for Brown Dust II
2024-10-07 20:20:38,377 - INFO - Updated Discord Presence for NIKKE
2024-10-07 20:20:48,387 - INFO - Updated Discord Presence for Brown Dust II
2024-10-07 20:20:48,397 - INFO - Updated Discord Presence for NIKKE
2024-10-07 20:20:58,409 - INFO - Updated Discord Presence for Brown Dust II
2024-10-07 20:20:58,421 - INFO - Updated Discord Presence for NIKKE
2024-10-07 20:21:08,432 - INFO - Updated Discord Presence for Brown Dust II
2024-10-07 20:21:08,443 - INFO - Updated Discord Presence for NIKKE
2024-10-07 20:21:18,456 - INFO - Updated Discord Presence for Brown Dust II
2024-10-07 20:21:18,466 - INFO - Updated Discord Presence for NIKKE
2024-10-07 20:21:28,478 - INFO - Updated Discord Presence for Brown Dust II
2024-10-07 20:21:28,490 - INFO - Updated Discord Presence for NIKKE
2024-10-07 20:21:38,500 - INFO - Updated Discord Presence for Brown Dust II
2024-10-07 20:21:38,513 - INFO - Updated Discord Presence for NIKKE
2024-10-07 20:21:48,527 - INFO - Updated Discord Presence for Brown Dust II
2024-10-07 20:21:48,539 - INFO - Updated Discord Presence for NIKKE
2024-10-07 20:21:58,551 - INFO - Updated Discord Presence for Brown Dust II
2024-10-07 20:21:58,566 - INFO - Updated Discord Presence for NIKKE
2024-10-07 20:22:08,577 - INFO - Updated Discord Presence for Brown Dust II
2024-10-07 20:22:08,588 - INFO - Updated Discord Presence for NIKKE
2024-10-07 20:22:18,598 - INFO - Updated Discord Presence for Brown Dust II
2024-10-07 20:22:18,608 - INFO - Updated Discord Presence for NIKKE
2024-10-07 20:22:28,620 - INFO - Updated Discord Presence for Brown Dust II
2024-10-07 20:22:28,631 - INFO - Updated Discord Presence for NIKKE
2024-10-07 20:22:38,642 - INFO - Updated Discord Presence for Brown Dust II
2024-10-07 20:22:38,656 - INFO - Updated Discord Presence for NIKKE
2024-10-07 20:22:48,670 - INFO - Updated Discord Presence for Brown Dust II
2024-10-07 20:22:48,681 - INFO - Updated Discord Presence for NIKKE
2024-10-07 20:22:58,692 - INFO - Updated Discord Presence for Brown Dust II
2024-10-07 20:22:58,704 - INFO - Updated Discord Presence for NIKKE
2024-10-07 20:23:08,714 - INFO - Updated Discord Presence for Brown Dust II
2024-10-07 20:23:08,729 - INFO - Updated Discord Presence for NIKKE
2024-10-07 20:23:18,740 - INFO - Updated Discord Presence for Brown Dust II
2024-10-07 20:23:18,749 - INFO - Updated Discord Presence for NIKKE
2024-10-07 20:23:28,762 - INFO - Updated Discord Presence for Brown Dust II
2024-10-07 20:23:28,773 - INFO - Updated Discord Presence for NIKKE
2024-10-07 20:23:38,783 - INFO - Updated Discord Presence for Brown Dust II
2024-10-07 20:23:38,794 - INFO - Updated Discord Presence for NIKKE
2024-10-07 20:23:48,806 - INFO - Updated Discord Presence for Brown Dust II
2024-10-07 20:23:48,816 - INFO - Updated Discord Presence for NIKKE
2024-10-07 20:23:58,828 - INFO - Updated Discord Presence for Brown Dust II
2024-10-07 20:23:58,840 - INFO - Updated Discord Presence for NIKKE
2024-10-07 20:24:08,850 - INFO - Updated Discord Presence for Brown Dust II
2024-10-07 20:24:08,862 - INFO - Updated Discord Presence for NIKKE
2024-10-07 20:24:18,876 - INFO - Updated Discord Presence for Brown Dust II
2024-10-07 20:24:18,888 - INFO - Updated Discord Presence for NIKKE
2024-10-07 20:24:28,899 - INFO - Updated Discord Presence for Brown Dust II
2024-10-07 20:24:28,912 - INFO - Updated Discord Presence for NIKKE
2024-10-07 20:24:38,924 - INFO - Updated Discord Presence for Brown Dust II
2024-10-07 20:24:38,935 - INFO - Updated Discord Presence for NIKKE
2024-10-07 20:24:48,946 - INFO - Updated Discord Presence for Brown Dust II
2024-10-07 20:24:48,959 - INFO - Updated Discord Presence for NIKKE
2024-10-07 20:24:58,970 - INFO - Updated Discord Presence for Brown Dust II
2024-10-07 20:24:58,982 - INFO - Updated Discord Presence for NIKKE
2024-10-07 20:25:08,994 - INFO - Updated Discord Presence for Brown Dust II
2024-10-07 20:25:09,006 - INFO - Updated Discord Presence for NIKKE
2024-10-07 20:25:19,016 - INFO - Updated Discord Presence for Brown Dust II
2024-10-07 20:25:19,028 - INFO - Updated Discord Presence for NIKKE
2024-10-07 20:25:29,039 - INFO - Updated Discord Presence for Brown Dust II
2024-10-07 20:25:29,050 - INFO - Updated Discord Presence for NIKKE
2024-10-07 20:25:39,062 - INFO - Updated Discord Presence for Brown Dust II
2024-10-07 20:25:39,073 - INFO - Updated Discord Presence for NIKKE
2024-10-07 20:25:49,084 - INFO - Updated Discord Presence for Brown Dust II
2024-10-07 20:25:49,096 - INFO - Updated Discord Presence for NIKKE
2024-10-07 20:25:59,105 - INFO - Updated Discord Presence for Brown Dust II
2024-10-07 20:25:59,118 - INFO - Updated Discord Presence for NIKKE
2024-10-07 20:26:09,129 - INFO - Updated Discord Presence for Brown Dust II
2024-10-07 20:26:09,141 - INFO - Updated Discord Presence for NIKKE
2024-10-07 20:26:19,153 - INFO - Updated Discord Presence for Brown Dust II
2024-10-07 20:26:19,163 - INFO - Updated Discord Presence for NIKKE
2024-10-07 20:26:29,176 - INFO - Updated Discord Presence for Brown Dust II
2024-10-07 20:26:29,187 - INFO - Updated Discord Presence for NIKKE
2024-10-07 20:26:39,197 - INFO - Updated Discord Presence for Brown Dust II
2024-10-07 20:26:39,209 - INFO - Updated Discord Presence for NIKKE
2024-10-07 20:26:49,220 - INFO - Updated Discord Presence for Brown Dust II
2024-10-07 20:26:49,230 - INFO - Updated Discord Presence for NIKKE
2024-10-07 20:26:59,240 - INFO - Updated Discord Presence for Brown Dust II
2024-10-07 20:26:59,253 - INFO - Updated Discord Presence for NIKKE
2024-10-07 20:27:09,264 - INFO - Updated Discord Presence for Brown Dust II
2024-10-07 20:27:09,277 - INFO - Updated Discord Presence for NIKKE
2024-10-07 20:27:19,288 - INFO - Updated Discord Presence for Brown Dust II
2024-10-07 20:27:19,299 - INFO - Updated Discord Presence for NIKKE
2024-10-07 20:27:29,310 - INFO - Updated Discord Presence for Brown Dust II
2024-10-07 20:27:29,322 - INFO - Updated Discord Presence for NIKKE
2024-10-07 20:27:39,332 - INFO - Updated Discord Presence for Brown Dust II
2024-10-07 20:27:39,344 - INFO - Updated Discord Presence for NIKKE
2024-10-07 20:27:49,356 - INFO - Updated Discord Presence for Brown Dust II
2024-10-07 20:27:49,366 - INFO - Updated Discord Presence for NIKKE
2024-10-07 20:27:59,378 - INFO - Updated Discord Presence for Brown Dust II
2024-10-07 20:27:59,391 - INFO - Updated Discord Presence for NIKKE
2024-10-07 20:28:09,401 - INFO - Updated Discord Presence for Brown Dust II
2024-10-07 20:28:09,415 - INFO - Updated Discord Presence for NIKKE
2024-10-07 20:28:19,427 - INFO - Updated Discord Presence for Brown Dust II
2024-10-07 20:28:19,436 - INFO - Updated Discord Presence for NIKKE
2024-10-07 20:28:29,446 - INFO - Updated Discord Presence for Brown Dust II
2024-10-07 20:28:29,459 - INFO - Updated Discord Presence for NIKKE
2024-10-07 20:28:39,471 - INFO - Updated Discord Presence for Brown Dust II
2024-10-07 20:28:39,480 - INFO - Updated Discord Presence for NIKKE
2024-10-07 20:28:49,493 - INFO - Updated Discord Presence for Brown Dust II
2024-10-07 20:28:49,505 - INFO - Updated Discord Presence for NIKKE
2024-10-07 20:28:59,515 - INFO - Updated Discord Presence for Brown Dust II
2024-10-07 20:28:59,527 - INFO - Updated Discord Presence for NIKKE
2024-10-07 20:29:09,539 - INFO - Updated Discord Presence for Brown Dust II
2024-10-07 20:29:09,549 - INFO - Updated Discord Presence for NIKKE
2024-10-07 20:29:19,562 - INFO - Updated Discord Presence for Brown Dust II
2024-10-07 20:29:19,573 - INFO - Updated Discord Presence for NIKKE
2024-10-07 20:29:29,583 - INFO - Updated Discord Presence for Brown Dust II
2024-10-07 20:29:29,595 - INFO - Updated Discord Presence for NIKKE
2024-10-07 20:29:39,607 - INFO - Updated Discord Presence for Brown Dust II
2024-10-07 20:29:39,618 - INFO - Updated Discord Presence for NIKKE
2024-10-07 20:29:49,629 - INFO - Updated Discord Presence for Brown Dust II
2024-10-07 20:29:49,640 - INFO - Updated Discord Presence for NIKKE
2024-10-07 20:29:59,651 - INFO - Updated Discord Presence for Brown Dust II
2024-10-07 20:29:59,665 - INFO - Updated Discord Presence for NIKKE
2024-10-07 20:30:09,677 - INFO - Updated Discord Presence for Brown Dust II
2024-10-07 20:30:09,690 - INFO - Updated Discord Presence for NIKKE
2024-10-07 20:30:19,701 - INFO - Updated Discord Presence for Brown Dust II
2024-10-07 20:30:19,712 - INFO - Updated Discord Presence for NIKKE
2024-10-07 20:30:29,723 - INFO - Updated Discord Presence for Brown Dust II
2024-10-07 20:30:29,734 - INFO - Updated Discord Presence for NIKKE
2024-10-07 20:30:39,747 - INFO - Updated Discord Presence for Brown Dust II
2024-10-07 20:30:39,757 - INFO - Updated Discord Presence for NIKKE
2024-10-07 20:30:49,769 - INFO - Updated Discord Presence for Brown Dust II
2024-10-07 20:30:49,780 - INFO - Updated Discord Presence for NIKKE
2024-10-07 20:30:59,794 - INFO - Updated Discord Presence for Brown Dust II
2024-10-07 20:30:59,804 - INFO - Updated Discord Presence for NIKKE
2024-10-07 20:31:09,815 - INFO - Updated Discord Presence for Brown Dust II
2024-10-07 20:31:09,827 - INFO - Updated Discord Presence for NIKKE
2024-10-07 20:31:19,840 - INFO - Updated Discord Presence for Brown Dust II
2024-10-07 20:31:19,851 - INFO - Updated Discord Presence for NIKKE
2024-10-07 20:31:29,862 - INFO - Updated Discord Presence for Brown Dust II
2024-10-07 20:31:29,929 - INFO - Updated Discord Presence for NIKKE
2024-10-07 20:31:39,941 - INFO - Updated Discord Presence for Brown Dust II
2024-10-07 20:31:39,964 - INFO - Updated Discord Presence for NIKKE
2024-10-07 20:31:49,977 - INFO - Updated Discord Presence for Brown Dust II
2024-10-07 20:31:50,000 - INFO - Updated Discord Presence for NIKKE
2024-10-07 20:32:00,014 - INFO - Updated Discord Presence for Brown Dust II
2024-10-07 20:32:00,023 - INFO - Updated Discord Presence for NIKKE
2024-10-07 20:32:10,033 - INFO - Updated Discord Presence for Brown Dust II
2024-10-07 20:32:10,045 - INFO - Updated Discord Presence for NIKKE
2024-10-07 20:32:20,056 - INFO - Updated Discord Presence for Brown Dust II
2024-10-07 20:32:20,066 - INFO - Updated Discord Presence for NIKKE
2024-10-07 20:32:30,079 - INFO - Updated Discord Presence for Brown Dust II
2024-10-07 20:32:30,091 - INFO - Updated Discord Presence for NIKKE
2024-10-07 20:32:40,103 - INFO - Updated Discord Presence for Brown Dust II
2024-10-07 20:32:40,113 - INFO - Updated Discord Presence for NIKKE
2024-10-07 20:32:50,124 - INFO - Updated Discord Presence for Brown Dust II
2024-10-07 20:32:50,138 - INFO - Updated Discord Presence for NIKKE
2024-10-07 20:33:00,149 - INFO - Updated Discord Presence for Brown Dust II
2024-10-07 20:33:00,160 - INFO - Updated Discord Presence for NIKKE
2024-10-07 20:33:10,170 - INFO - Updated Discord Presence for Brown Dust II
2024-10-07 20:33:10,181 - INFO - Updated Discord Presence for NIKKE
2024-10-07 20:33:20,193 - INFO - Updated Discord Presence for Brown Dust II
2024-10-07 20:33:20,203 - INFO - Updated Discord Presence for NIKKE
2024-10-07 20:33:30,214 - INFO - Updated Discord Presence for Brown Dust II
2024-10-07 20:33:30,227 - INFO - Updated Discord Presence for NIKKE
2024-10-07 20:33:40,263 - INFO - Updated Discord Presence for Brown Dust II
2024-10-07 20:33:40,290 - INFO - Updated Discord Presence for NIKKE
2024-10-07 20:33:50,302 - INFO - Updated Discord Presence for Brown Dust II
2024-10-07 20:33:50,312 - INFO - Updated Discord Presence for NIKKE
2024-10-07 20:34:00,324 - INFO - Updated Discord Presence for Brown Dust II
2024-10-07 20:34:00,336 - INFO - Updated Discord Presence for NIKKE
2024-10-07 20:34:10,346 - INFO - Updated Discord Presence for Brown Dust II
2024-10-07 20:34:10,358 - INFO - Updated Discord Presence for NIKKE
2024-10-07 20:34:20,370 - INFO - Updated Discord Presence for Brown Dust II
2024-10-07 20:34:20,380 - INFO - Updated Discord Presence for NIKKE
2024-10-07 20:34:30,392 - INFO - Updated Discord Presence for Brown Dust II
2024-10-07 20:34:30,404 - INFO - Updated Discord Presence for NIKKE
2024-10-07 20:34:40,415 - INFO - Updated Discord Presence for Brown Dust II
2024-10-07 20:34:40,428 - INFO - Updated Discord Presence for NIKKE
2024-10-07 20:34:50,439 - INFO - Updated Discord Presence for Brown Dust II
2024-10-07 20:34:50,449 - INFO - Updated Discord Presence for NIKKE
2024-10-07 20:35:00,462 - INFO - Updated Discord Presence for Brown Dust II
2024-10-07 20:35:00,472 - INFO - Updated Discord Presence for NIKKE
2024-10-07 20:35:10,484 - INFO - Updated Discord Presence for Brown Dust II
2024-10-07 20:35:10,496 - INFO - Updated Discord Presence for NIKKE
2024-10-07 20:35:20,509 - INFO - Updated Discord Presence for Brown Dust II
2024-10-07 20:35:20,521 - INFO - Updated Discord Presence for NIKKE
2024-10-07 20:35:30,530 - INFO - Updated Discord Presence for Brown Dust II
2024-10-07 20:35:30,543 - INFO - Updated Discord Presence for NIKKE
2024-10-07 20:35:40,553 - INFO - Updated Discord Presence for Brown Dust II
2024-10-07 20:35:40,564 - INFO - Updated Discord Presence for NIKKE
2024-10-07 20:35:50,575 - INFO - Updated Discord Presence for Brown Dust II
2024-10-07 20:35:50,587 - INFO - Updated Discord Presence for NIKKE
2024-10-07 20:36:00,598 - INFO - Updated Discord Presence for Brown Dust II
2024-10-07 20:36:00,609 - INFO - Updated Discord Presence for NIKKE
2024-10-07 20:36:10,620 - INFO - Updated Discord Presence for Brown Dust II
2024-10-07 20:36:10,632 - INFO - Updated Discord Presence for NIKKE
2024-10-07 20:36:20,643 - INFO - Updated Discord Presence for Brown Dust II
2024-10-07 20:36:20,655 - INFO - Updated Discord Presence for NIKKE
2024-10-07 20:36:30,665 - INFO - Updated Discord Presence for Brown Dust II
2024-10-07 20:36:30,676 - INFO - Updated Discord Presence for NIKKE
2024-10-07 20:36:40,688 - INFO - Updated Discord Presence for Brown Dust II
2024-10-07 20:36:40,699 - INFO - Updated Discord Presence for NIKKE
2024-10-07 20:36:50,711 - INFO - Updated Discord Presence for Brown Dust II
2024-10-07 20:36:50,722 - INFO - Updated Discord Presence for NIKKE
2024-10-07 20:37:00,733 - INFO - Updated Discord Presence for Brown Dust II
2024-10-07 20:37:00,744 - INFO - Updated Discord Presence for NIKKE
2024-10-07 20:37:10,755 - INFO - Updated Discord Presence for Brown Dust II
2024-10-07 20:37:10,766 - INFO - Updated Discord Presence for NIKKE
2024-10-07 20:37:20,778 - INFO - Updated Discord Presence for Brown Dust II
2024-10-07 20:37:20,789 - INFO - Updated Discord Presence for NIKKE
2024-10-07 20:37:30,800 - INFO - Updated Discord Presence for Brown Dust II
2024-10-07 20:37:30,810 - INFO - Updated Discord Presence for NIKKE
2024-10-07 20:37:40,820 - INFO - Updated Discord Presence for Brown Dust II
2024-10-07 20:37:40,832 - INFO - Updated Discord Presence for NIKKE
2024-10-07 20:37:50,847 - INFO - Updated Discord Presence for Brown Dust II
2024-10-07 20:37:50,860 - INFO - Updated Discord Presence for NIKKE
2024-10-07 20:38:00,872 - INFO - Updated Discord Presence for Brown Dust II
2024-10-07 20:38:00,882 - INFO - Updated Discord Presence for NIKKE
2024-10-07 20:38:10,894 - INFO - Updated Discord Presence for Brown Dust II
2024-10-07 20:38:10,907 - INFO - Updated Discord Presence for NIKKE
2024-10-07 20:38:20,919 - INFO - Updated Discord Presence for Brown Dust II
2024-10-07 20:38:20,929 - INFO - Updated Discord Presence for NIKKE
2024-10-07 20:38:30,940 - INFO - Updated Discord Presence for Brown Dust II
2024-10-07 20:38:30,953 - INFO - Updated Discord Presence for NIKKE
2024-10-07 20:38:40,964 - INFO - Updated Discord Presence for Brown Dust II
2024-10-07 20:38:40,975 - INFO - Updated Discord Presence for NIKKE
2024-10-07 20:38:50,985 - INFO - Updated Discord Presence for Brown Dust II
2024-10-07 20:38:50,996 - INFO - Updated Discord Presence for NIKKE
2024-10-07 20:39:01,008 - INFO - Updated Discord Presence for Brown Dust II
2024-10-07 20:39:01,020 - INFO - Updated Discord Presence for NIKKE
2024-10-07 20:39:11,030 - INFO - Updated Discord Presence for Brown Dust II
2024-10-07 20:39:11,042 - INFO - Updated Discord Presence for NIKKE
2024-10-07 20:39:21,055 - INFO - Updated Discord Presence for Brown Dust II
2024-10-07 20:39:21,065 - INFO - Updated Discord Presence for NIKKE
2024-10-07 20:39:31,078 - INFO - Updated Discord Presence for Brown Dust II
2024-10-07 20:39:31,090 - INFO - Updated Discord Presence for NIKKE
2024-10-07 20:39:41,099 - INFO - Updated Discord Presence for Brown Dust II
2024-10-07 20:39:41,113 - INFO - Updated Discord Presence for NIKKE
2024-10-07 20:39:51,123 - INFO - Updated Discord Presence for Brown Dust II
2024-10-07 20:39:51,133 - INFO - Updated Discord Presence for NIKKE
2024-10-07 20:40:01,146 - INFO - Updated Discord Presence for Brown Dust II
2024-10-07 20:40:01,157 - INFO - Updated Discord Presence for NIKKE
2024-10-07 20:40:11,167 - INFO - Updated Discord Presence for Brown Dust II
2024-10-07 20:40:11,183 - INFO - Updated Discord Presence for NIKKE
2024-10-07 20:40:21,194 - INFO - Updated Discord Presence for Brown Dust II
2024-10-07 20:40:21,206 - INFO - Updated Discord Presence for NIKKE
2024-10-07 20:40:31,215 - INFO - Updated Discord Presence for Brown Dust II
2024-10-07 20:40:31,226 - INFO - Updated Discord Presence for NIKKE
2024-10-07 20:40:41,238 - INFO - Updated Discord Presence for Brown Dust II
2024-10-07 20:40:41,249 - INFO - Updated Discord Presence for NIKKE
2024-10-07 20:40:51,261 - INFO - Updated Discord Presence for Brown Dust II
2024-10-07 20:40:51,271 - INFO - Updated Discord Presence for NIKKE
2024-10-07 20:41:01,283 - INFO - Updated Discord Presence for Brown Dust II
2024-10-07 20:41:01,295 - INFO - Updated Discord Presence for NIKKE
2024-10-07 20:41:11,305 - INFO - Updated Discord Presence for Brown Dust II
2024-10-07 20:41:11,316 - INFO - Updated Discord Presence for NIKKE
2024-10-07 20:41:21,330 - INFO - Updated Discord Presence for Brown Dust II
2024-10-07 20:41:21,343 - INFO - Updated Discord Presence for NIKKE
2024-10-07 20:41:31,354 - INFO - Updated Discord Presence for Brown Dust II
2024-10-07 20:41:31,365 - INFO - Updated Discord Presence for NIKKE
2024-10-07 20:41:41,377 - INFO - Updated Discord Presence for Brown Dust II
2024-10-07 20:41:41,385 - INFO - Updated Discord Presence for NIKKE
2024-10-07 20:41:51,397 - INFO - Updated Discord Presence for Brown Dust II
2024-10-07 20:41:51,408 - INFO - Updated Discord Presence for NIKKE
2024-10-07 20:42:01,418 - INFO - Updated Discord Presence for Brown Dust II
2024-10-07 20:42:01,430 - INFO - Updated Discord Presence for NIKKE
2024-10-07 20:42:11,443 - INFO - Updated Discord Presence for Brown Dust II
2024-10-07 20:42:11,453 - INFO - Updated Discord Presence for NIKKE
2024-10-07 20:42:21,463 - INFO - Updated Discord Presence for Brown Dust II
2024-10-07 20:42:21,475 - INFO - Updated Discord Presence for NIKKE
2024-10-07 20:42:31,486 - INFO - Updated Discord Presence for Brown Dust II
2024-10-07 20:42:31,497 - INFO - Updated Discord Presence for NIKKE
2024-10-07 20:42:41,508 - INFO - Updated Discord Presence for Brown Dust II
2024-10-07 20:42:41,520 - INFO - Updated Discord Presence for NIKKE
2024-10-07 20:42:51,530 - INFO - Updated Discord Presence for Brown Dust II
2024-10-07 20:42:51,543 - INFO - Updated Discord Presence for NIKKE
2024-10-07 20:43:01,554 - INFO - Updated Discord Presence for Brown Dust II
2024-10-07 20:43:01,565 - INFO - Updated Discord Presence for NIKKE
2024-10-07 20:43:11,575 - INFO - Updated Discord Presence for Brown Dust II
2024-10-07 20:43:11,589 - INFO - Updated Discord Presence for NIKKE
2024-10-07 20:43:21,601 - INFO - Updated Discord Presence for Brown Dust II
2024-10-07 20:43:21,680 - INFO - Updated Discord Presence for NIKKE
2024-10-07 20:43:31,693 - INFO - Updated Discord Presence for Brown Dust II
2024-10-07 20:43:31,705 - INFO - Updated Discord Presence for NIKKE
2024-10-07 20:43:41,716 - INFO - Updated Discord Presence for Brown Dust II
2024-10-07 20:43:41,727 - INFO - Updated Discord Presence for NIKKE
2024-10-07 20:43:51,739 - INFO - Updated Discord Presence for Brown Dust II
2024-10-07 20:43:51,749 - INFO - Updated Discord Presence for NIKKE
2024-10-07 20:44:01,760 - INFO - Updated Discord Presence for Brown Dust II
2024-10-07 20:44:01,771 - INFO - Updated Discord Presence for NIKKE
2024-10-07 20:44:11,782 - INFO - Updated Discord Presence for Brown Dust II
2024-10-07 20:44:11,801 - INFO - Updated Discord Presence for NIKKE
2024-10-07 20:44:21,812 - INFO - Updated Discord Presence for Brown Dust II
2024-10-07 20:44:21,824 - INFO - Updated Discord Presence for NIKKE
2024-10-07 20:44:31,834 - INFO - Updated Discord Presence for Brown Dust II
2024-10-07 20:44:31,847 - INFO - Updated Discord Presence for NIKKE
2024-10-07 20:44:41,858 - INFO - Updated Discord Presence for Brown Dust II
2024-10-07 20:44:41,868 - INFO - Updated Discord Presence for NIKKE
2024-10-07 20:44:51,879 - INFO - Updated Discord Presence for Brown Dust II
2024-10-07 20:44:51,901 - INFO - Updated Discord Presence for NIKKE
2024-10-07 20:45:01,912 - INFO - Updated Discord Presence for Brown Dust II
2024-10-07 20:45:01,925 - INFO - Updated Discord Presence for NIKKE
2024-10-07 20:45:11,936 - INFO - Updated Discord Presence for Brown Dust II
2024-10-07 20:45:11,947 - INFO - Updated Discord Presence for NIKKE
2024-10-07 20:45:21,958 - INFO - Updated Discord Presence for Brown Dust II
2024-10-07 20:45:21,969 - INFO - Updated Discord Presence for NIKKE
2024-10-07 20:45:31,981 - INFO - Updated Discord Presence for Brown Dust II
2024-10-07 20:45:31,993 - INFO - Updated Discord Presence for NIKKE
2024-10-07 20:45:42,003 - INFO - Updated Discord Presence for Brown Dust II
2024-10-07 20:45:42,015 - INFO - Updated Discord Presence for NIKKE
2024-10-07 20:45:52,026 - INFO - Updated Discord Presence for Brown Dust II
2024-10-07 20:45:52,037 - INFO - Updated Discord Presence for NIKKE
2024-10-07 20:46:02,046 - INFO - Updated Discord Presence for Brown Dust II
2024-10-07 20:46:02,060 - INFO - Updated Discord Presence for NIKKE
2024-10-07 20:46:12,071 - INFO - Updated Discord Presence for Brown Dust II
2024-10-07 20:46:12,083 - INFO - Updated Discord Presence for NIKKE
2024-10-07 20:46:22,095 - INFO - Updated Discord Presence for Brown Dust II
2024-10-07 20:46:22,105 - INFO - Updated Discord Presence for NIKKE
2024-10-07 20:46:32,115 - INFO - Updated Discord Presence for Brown Dust II
2024-10-07 20:46:32,127 - INFO - Updated Discord Presence for NIKKE
2024-10-07 20:46:42,139 - INFO - Updated Discord Presence for Brown Dust II
2024-10-07 20:46:42,148 - INFO - Updated Discord Presence for NIKKE
2024-10-07 20:46:52,161 - INFO - Updated Discord Presence for Brown Dust II
2024-10-07 20:46:52,173 - INFO - Updated Discord Presence for NIKKE
2024-10-07 20:47:02,183 - INFO - Updated Discord Presence for Brown Dust II
2024-10-07 20:47:02,195 - INFO - Updated Discord Presence for NIKKE
2024-10-07 20:47:12,208 - INFO - Updated Discord Presence for Brown Dust II
2024-10-07 20:47:12,221 - INFO - Updated Discord Presence for NIKKE
2024-10-07 20:47:22,232 - INFO - Updated Discord Presence for Brown Dust II
2024-10-07 20:47:22,243 - INFO - Updated Discord Presence for NIKKE
2024-10-07 20:47:32,254 - INFO - Updated Discord Presence for Brown Dust II
2024-10-07 20:47:32,264 - INFO - Updated Discord Presence for NIKKE
2024-10-07 20:47:42,275 - INFO - Updated Discord Presence for Brown Dust II
2024-10-07 20:47:42,287 - INFO - Updated Discord Presence for NIKKE
2024-10-07 20:47:52,297 - INFO - Updated Discord Presence for Brown Dust II
2024-10-07 20:47:52,307 - INFO - Updated Discord Presence for NIKKE
2024-10-07 20:48:02,319 - INFO - Updated Discord Presence for Brown Dust II
2024-10-07 20:48:02,331 - INFO - Updated Discord Presence for NIKKE
2024-10-07 20:48:12,342 - INFO - Updated Discord Presence for Brown Dust II
2024-10-07 20:48:12,356 - INFO - Updated Discord Presence for NIKKE
2024-10-07 20:48:22,366 - INFO - Updated Discord Presence for Brown Dust II
2024-10-07 20:48:22,378 - INFO - Updated Discord Presence for NIKKE
2024-10-07 20:48:32,388 - INFO - Updated Discord Presence for Brown Dust II
2024-10-07 20:48:32,399 - INFO - Updated Discord Presence for NIKKE
2024-10-07 20:48:42,411 - INFO - Updated Discord Presence for Brown Dust II
2024-10-07 20:48:42,424 - INFO - Updated Discord Presence for NIKKE
2024-10-07 20:48:52,435 - INFO - Updated Discord Presence for Brown Dust II
2024-10-07 20:48:52,445 - INFO - Updated Discord Presence for NIKKE
2024-10-07 20:49:02,458 - INFO - Updated Discord Presence for Brown Dust II
2024-10-07 20:49:02,469 - INFO - Updated Discord Presence for NIKKE
2024-10-07 20:49:12,479 - INFO - Updated Discord Presence for Brown Dust II
2024-10-07 20:49:12,490 - INFO - Updated Discord Presence for NIKKE
2024-10-07 20:49:22,501 - INFO - Updated Discord Presence for Brown Dust II
2024-10-07 20:49:22,512 - INFO - Updated Discord Presence for NIKKE
2024-10-07 20:49:32,526 - INFO - Updated Discord Presence for Brown Dust II
2024-10-07 20:49:32,535 - INFO - Updated Discord Presence for NIKKE
2024-10-07 20:49:42,547 - INFO - Updated Discord Presence for Brown Dust II
2024-10-07 20:49:42,558 - INFO - Updated Discord Presence for NIKKE
2024-10-07 20:49:52,568 - INFO - Updated Discord Presence for Brown Dust II
2024-10-07 20:49:52,580 - INFO - Updated Discord Presence for NIKKE
2024-10-07 20:50:02,590 - INFO - Updated Discord Presence for Brown Dust II
2024-10-07 20:50:02,600 - INFO - Updated Discord Presence for NIKKE
2024-10-07 20:50:12,612 - INFO - Updated Discord Presence for Brown Dust II
2024-10-07 20:50:12,626 - INFO - Updated Discord Presence for NIKKE
2024-10-07 20:50:22,638 - INFO - Updated Discord Presence for Brown Dust II
2024-10-07 20:50:22,649 - INFO - Updated Discord Presence for NIKKE
2024-10-07 20:50:32,661 - INFO - Updated Discord Presence for Brown Dust II
2024-10-07 20:50:32,678 - INFO - Updated Discord Presence for NIKKE
2024-10-07 20:50:42,690 - INFO - Updated Discord Presence for Brown Dust II
2024-10-07 20:50:42,699 - INFO - Updated Discord Presence for NIKKE
2024-10-07 20:50:52,710 - INFO - Updated Discord Presence for Brown Dust II
2024-10-07 20:50:52,720 - INFO - Updated Discord Presence for NIKKE
2024-10-07 20:51:02,732 - INFO - Updated Discord Presence for Brown Dust II
2024-10-07 20:51:02,744 - INFO - Updated Discord Presence for NIKKE
2024-10-07 20:51:12,763 - INFO - Updated Discord Presence for Brown Dust II
2024-10-07 20:51:12,777 - INFO - Updated Discord Presence for NIKKE
2024-10-07 20:51:22,787 - INFO - Updated Discord Presence for Brown Dust II
2024-10-07 20:51:22,799 - INFO - Updated Discord Presence for NIKKE
2024-10-07 20:51:32,810 - INFO - Updated Discord Presence for Brown Dust II
2024-10-07 20:51:32,822 - INFO - Updated Discord Presence for NIKKE
2024-10-07 20:51:42,840 - INFO - Updated Discord Presence for Brown Dust II
2024-10-07 20:51:42,851 - INFO - Updated Discord Presence for NIKKE
2024-10-07 20:51:52,862 - INFO - Updated Discord Presence for Brown Dust II
2024-10-07 20:51:52,875 - INFO - Updated Discord Presence for NIKKE
2024-10-07 20:52:02,888 - INFO - Updated Discord Presence for Brown Dust II
2024-10-07 20:52:02,899 - INFO - Updated Discord Presence for NIKKE
2024-10-07 20:52:12,911 - INFO - Updated Discord Presence for Brown Dust II
2024-10-07 20:52:12,924 - INFO - Updated Discord Presence for NIKKE
2024-10-07 20:52:22,936 - INFO - Updated Discord Presence for Brown Dust II
2024-10-07 20:52:22,947 - INFO - Updated Discord Presence for NIKKE
2024-10-07 20:52:32,959 - INFO - Updated Discord Presence for Brown Dust II
2024-10-07 20:52:32,971 - INFO - Updated Discord Presence for NIKKE
2024-10-07 20:52:42,981 - INFO - Updated Discord Presence for Brown Dust II
2024-10-07 20:52:42,993 - INFO - Updated Discord Presence for NIKKE
2024-10-07 20:52:53,002 - INFO - Updated Discord Presence for Brown Dust II
2024-10-07 20:52:53,011 - INFO - Updated Discord Presence for NIKKE
2024-10-07 20:53:03,023 - INFO - Updated Discord Presence for Brown Dust II
2024-10-07 20:53:03,033 - INFO - Updated Discord Presence for NIKKE
2024-10-07 20:53:13,044 - INFO - Updated Discord Presence for Brown Dust II
2024-10-07 20:53:13,055 - INFO - Updated Discord Presence for NIKKE
2024-10-07 20:53:23,066 - INFO - Updated Discord Presence for Brown Dust II
2024-10-07 20:53:23,078 - INFO - Updated Discord Presence for NIKKE
2024-10-07 20:53:33,089 - INFO - Updated Discord Presence for Brown Dust II
2024-10-07 20:53:33,099 - INFO - Updated Discord Presence for NIKKE
2024-10-07 20:53:43,111 - INFO - Updated Discord Presence for Brown Dust II
2024-10-07 20:53:43,122 - INFO - Updated Discord Presence for NIKKE
2024-10-07 20:53:53,132 - INFO - Updated Discord Presence for Brown Dust II
2024-10-07 20:53:53,144 - INFO - Updated Discord Presence for NIKKE
2024-10-07 20:54:03,155 - INFO - Updated Discord Presence for Brown Dust II
2024-10-07 20:54:03,166 - INFO - Updated Discord Presence for NIKKE
2024-10-07 20:54:13,176 - INFO - Updated Discord Presence for Brown Dust II
2024-10-07 20:54:13,189 - INFO - Updated Discord Presence for NIKKE
2024-10-07 20:54:23,200 - INFO - Updated Discord Presence for Brown Dust II
2024-10-07 20:54:23,212 - INFO - Updated Discord Presence for NIKKE
2024-10-07 20:54:33,223 - INFO - Updated Discord Presence for Brown Dust II
2024-10-07 20:54:33,232 - INFO - Updated Discord Presence for NIKKE
2024-10-07 20:54:43,244 - INFO - Updated Discord Presence for Brown Dust II
2024-10-07 20:54:43,255 - INFO - Updated Discord Presence for NIKKE
2024-10-07 20:54:53,265 - INFO - Updated Discord Presence for Brown Dust II
2024-10-07 20:54:53,275 - INFO - Updated Discord Presence for NIKKE
2024-10-07 20:55:03,287 - INFO - Updated Discord Presence for Brown Dust II
2024-10-07 20:55:03,297 - INFO - Updated Discord Presence for NIKKE
2024-10-07 20:55:13,310 - INFO - Updated Discord Presence for Brown Dust II
2024-10-07 20:55:13,322 - INFO - Updated Discord Presence for NIKKE
2024-10-07 20:55:23,332 - INFO - Updated Discord Presence for Brown Dust II
2024-10-07 20:55:23,343 - INFO - Updated Discord Presence for NIKKE
2024-10-07 20:55:33,354 - INFO - Updated Discord Presence for Brown Dust II
2024-10-07 20:55:33,364 - INFO - Updated Discord Presence for NIKKE
2024-10-07 20:55:43,375 - INFO - Updated Discord Presence for Brown Dust II
2024-10-07 20:55:43,386 - INFO - Updated Discord Presence for NIKKE
2024-10-07 20:55:53,398 - INFO - Updated Discord Presence for Brown Dust II
2024-10-07 20:55:53,409 - INFO - Updated Discord Presence for NIKKE
2024-10-07 20:56:03,420 - INFO - Updated Discord Presence for Brown Dust II
2024-10-07 20:56:03,432 - INFO - Updated Discord Presence for NIKKE
2024-10-07 20:56:13,443 - INFO - Updated Discord Presence for Brown Dust II
2024-10-07 20:56:13,456 - INFO - Updated Discord Presence for NIKKE
2024-10-07 20:56:23,466 - INFO - Updated Discord Presence for Brown Dust II
2024-10-07 20:56:23,478 - INFO - Updated Discord Presence for NIKKE
2024-10-07 20:56:33,507 - INFO - Updated Discord Presence for Brown Dust II
2024-10-07 20:56:33,548 - INFO - Updated Discord Presence for NIKKE
2024-10-07 20:56:43,561 - INFO - Updated Discord Presence for Brown Dust II
2024-10-07 20:56:43,572 - INFO - Updated Discord Presence for NIKKE
2024-10-07 20:56:53,583 - INFO - Updated Discord Presence for Brown Dust II
2024-10-07 20:56:53,594 - INFO - Updated Discord Presence for NIKKE
2024-10-07 20:57:03,606 - INFO - Updated Discord Presence for Brown Dust II
2024-10-07 20:57:03,617 - INFO - Updated Discord Presence for NIKKE
2024-10-07 20:57:13,629 - INFO - Updated Discord Presence for Brown Dust II
2024-10-07 20:57:13,640 - INFO - Updated Discord Presence for NIKKE
2024-10-07 20:57:23,652 - INFO - Updated Discord Presence for Brown Dust II
2024-10-07 20:57:23,663 - INFO - Updated Discord Presence for NIKKE
2024-10-07 20:57:33,674 - INFO - Updated Discord Presence for Brown Dust II
2024-10-07 20:57:33,685 - INFO - Updated Discord Presence for NIKKE
2024-10-07 20:57:43,696 - INFO - Updated Discord Presence for Brown Dust II
2024-10-07 20:57:43,707 - INFO - Updated Discord Presence for NIKKE
2024-10-07 20:57:53,717 - INFO - Updated Discord Presence for Brown Dust II
2024-10-07 20:57:53,739 - INFO - Updated Discord Presence for NIKKE
2024-10-07 20:58:03,749 - INFO - Updated Discord Presence for Brown Dust II
2024-10-07 20:58:03,760 - INFO - Updated Discord Presence for NIKKE
2024-10-07 20:58:13,772 - INFO - Updated Discord Presence for Brown Dust II
2024-10-07 20:58:13,783 - INFO - Updated Discord Presence for NIKKE
2024-10-07 20:58:23,794 - INFO - Updated Discord Presence for Brown Dust II
2024-10-07 20:58:23,805 - INFO - Updated Discord Presence for NIKKE
2024-10-07 20:58:33,815 - INFO - Updated Discord Presence for Brown Dust II
2024-10-07 20:58:33,826 - INFO - Updated Discord Presence for NIKKE
2024-10-07 20:58:43,837 - INFO - Updated Discord Presence for Brown Dust II
2024-10-07 20:58:43,846 - INFO - Updated Discord Presence for NIKKE
2024-10-07 20:58:53,858 - INFO - Updated Discord Presence for Brown Dust II
2024-10-07 20:58:53,867 - INFO - Updated Discord Presence for NIKKE
2024-10-07 20:59:03,878 - INFO - Updated Discord Presence for Brown Dust II
2024-10-07 20:59:03,890 - INFO - Updated Discord Presence for NIKKE
2024-10-07 20:59:13,900 - INFO - Updated Discord Presence for Brown Dust II
2024-10-07 20:59:13,912 - INFO - Updated Discord Presence for NIKKE
2024-10-07 20:59:23,924 - INFO - Updated Discord Presence for Brown Dust II
2024-10-07 20:59:23,935 - INFO - Updated Discord Presence for NIKKE
2024-10-07 20:59:33,945 - INFO - Updated Discord Presence for Brown Dust II
2024-10-07 20:59:33,957 - INFO - Updated Discord Presence for NIKKE
2024-10-07 20:59:43,968 - INFO - Updated Discord Presence for Brown Dust II
2024-10-07 20:59:43,979 - INFO - Updated Discord Presence for NIKKE
2024-10-07 20:59:53,990 - INFO - Updated Discord Presence for Brown Dust II
2024-10-07 20:59:54,002 - INFO - Updated Discord Presence for NIKKE
2024-10-07 21:00:04,013 - INFO - Updated Discord Presence for Brown Dust II
2024-10-07 21:00:04,024 - INFO - Updated Discord Presence for NIKKE
2024-10-07 21:00:14,035 - INFO - Updated Discord Presence for Brown Dust II
2024-10-07 21:00:14,046 - INFO - Updated Discord Presence for NIKKE
2024-10-07 21:00:24,058 - INFO - Updated Discord Presence for Brown Dust II
2024-10-07 21:00:24,069 - INFO - Updated Discord Presence for NIKKE
2024-10-07 21:00:34,081 - INFO - Updated Discord Presence for Brown Dust II
2024-10-07 21:00:34,094 - INFO - Updated Discord Presence for NIKKE
2024-10-07 21:00:44,106 - INFO - Updated Discord Presence for Brown Dust II
2024-10-07 21:00:44,118 - INFO - Updated Discord Presence for NIKKE
2024-10-07 21:00:54,129 - INFO - Updated Discord Presence for Brown Dust II
2024-10-07 21:00:54,140 - INFO - Updated Discord Presence for NIKKE
2024-10-07 21:01:04,157 - INFO - Updated Discord Presence for Brown Dust II
2024-10-07 21:01:04,169 - INFO - Updated Discord Presence for NIKKE
2024-10-07 21:01:14,189 - INFO - Updated Discord Presence for Brown Dust II
2024-10-07 21:01:14,201 - INFO - Updated Discord Presence for NIKKE
2024-10-07 21:01:24,211 - INFO - Updated Discord Presence for Brown Dust II
2024-10-07 21:01:24,220 - INFO - Updated Discord Presence for NIKKE
2024-10-07 21:01:34,231 - INFO - Updated Discord Presence for Brown Dust II
2024-10-07 21:01:34,242 - INFO - Updated Discord Presence for NIKKE
2024-10-07 21:01:44,253 - INFO - Updated Discord Presence for Brown Dust II
2024-10-07 21:01:44,271 - INFO - Updated Discord Presence for NIKKE
2024-10-07 21:01:54,381 - INFO - Brown Dust II was closed. Clearing Discord Presence
2024-10-07 21:01:54,410 - INFO - Updated Discord Presence for NIKKE
2024-10-07 21:02:04,449 - INFO - Updated Discord Presence for NIKKE
2024-10-07 21:02:14,468 - INFO - Updated Discord Presence for NIKKE
2024-10-07 21:02:24,494 - INFO - Updated Discord Presence for NIKKE
2024-10-07 21:02:34,513 - INFO - Updated Discord Presence for NIKKE
2024-10-07 21:02:44,530 - INFO - Updated Discord Presence for NIKKE
2024-10-07 21:02:54,547 - INFO - Updated Discord Presence for NIKKE
2024-10-07 21:03:04,565 - INFO - Updated Discord Presence for NIKKE
2024-10-07 21:03:14,583 - INFO - Updated Discord Presence for NIKKE
2024-10-07 21:03:24,599 - INFO - Updated Discord Presence for NIKKE
2024-10-07 21:03:34,618 - INFO - Updated Discord Presence for NIKKE
2024-10-07 21:03:44,636 - INFO - Updated Discord Presence for NIKKE
2024-10-07 21:03:54,653 - INFO - Updated Discord Presence for NIKKE
2024-10-07 21:04:04,675 - INFO - Updated Discord Presence for NIKKE
2024-10-07 21:04:14,714 - INFO - Updated Discord Presence for NIKKE
2024-10-07 21:04:24,732 - INFO - Updated Discord Presence for NIKKE
2024-10-07 21:04:34,749 - INFO - Updated Discord Presence for NIKKE
2024-10-07 21:04:44,766 - INFO - Updated Discord Presence for NIKKE
2024-10-07 21:04:54,784 - INFO - Updated Discord Presence for NIKKE
2024-10-07 21:05:04,803 - INFO - Updated Discord Presence for NIKKE
2024-10-07 21:05:14,819 - INFO - Updated Discord Presence for NIKKE
2024-10-07 21:05:24,839 - INFO - Updated Discord Presence for NIKKE
2024-10-07 21:05:34,856 - INFO - Updated Discord Presence for NIKKE
2024-10-07 21:05:44,873 - INFO - Updated Discord Presence for NIKKE
2024-10-07 21:05:54,890 - INFO - Updated Discord Presence for NIKKE
2024-10-07 21:06:04,907 - INFO - Updated Discord Presence for NIKKE
2024-10-07 21:06:14,925 - INFO - Updated Discord Presence for NIKKE
2024-10-07 21:06:24,942 - INFO - Updated Discord Presence for NIKKE
2024-10-07 21:06:34,959 - INFO - Updated Discord Presence for NIKKE
2024-10-07 21:06:44,976 - INFO - Updated Discord Presence for NIKKE
2024-10-07 21:06:54,992 - INFO - Updated Discord Presence for NIKKE
2024-10-07 21:07:05,009 - INFO - Updated Discord Presence for NIKKE
2024-10-07 21:07:15,026 - INFO - Updated Discord Presence for NIKKE
2024-10-07 21:07:25,043 - INFO - Updated Discord Presence for NIKKE
2024-10-07 21:07:35,077 - INFO - Updated Discord Presence for NIKKE
2024-10-07 21:07:45,094 - INFO - Updated Discord Presence for NIKKE
2024-10-07 21:07:55,112 - INFO - Updated Discord Presence for NIKKE
2024-10-07 21:08:05,129 - INFO - Updated Discord Presence for NIKKE
2024-10-07 21:08:15,145 - INFO - Updated Discord Presence for NIKKE
2024-10-07 21:08:25,161 - INFO - Updated Discord Presence for NIKKE
2024-10-07 21:08:35,179 - INFO - Updated Discord Presence for NIKKE
2024-10-07 21:08:45,193 - INFO - Updated Discord Presence for NIKKE
2024-10-07 21:08:55,210 - INFO - Updated Discord Presence for NIKKE
2024-10-07 21:09:05,227 - INFO - Updated Discord Presence for NIKKE
2024-10-07 21:09:15,246 - INFO - Updated Discord Presence for NIKKE
2024-10-07 21:09:25,304 - INFO - Updated Discord Presence for NIKKE
2024-10-07 21:09:35,363 - INFO - Updated Discord Presence for NIKKE
2024-10-07 21:09:45,420 - INFO - Updated Discord Presence for NIKKE
2024-10-07 21:09:55,478 - INFO - Updated Discord Presence for NIKKE
2024-10-07 21:10:05,537 - INFO - Updated Discord Presence for NIKKE
2024-10-07 21:10:15,585 - INFO - Updated Discord Presence for NIKKE
2024-10-07 21:10:25,643 - INFO - Updated Discord Presence for NIKKE
2024-10-07 21:10:35,700 - INFO - Updated Discord Presence for NIKKE
2024-10-07 21:10:45,759 - INFO - Updated Discord Presence for NIKKE
2024-10-07 21:10:55,818 - INFO - Updated Discord Presence for NIKKE
2024-10-07 21:11:05,875 - INFO - Updated Discord Presence for NIKKE
2024-10-07 21:11:15,925 - INFO - Updated Discord Presence for NIKKE
2024-10-07 21:11:25,973 - INFO - Updated Discord Presence for NIKKE
2024-10-07 21:11:36,031 - INFO - Updated Discord Presence for NIKKE
2024-10-07 21:11:46,087 - INFO - Updated Discord Presence for NIKKE
2024-10-07 21:11:56,136 - INFO - Updated Discord Presence for NIKKE
2024-10-07 21:12:06,193 - INFO - Updated Discord Presence for NIKKE
2024-10-07 21:12:16,251 - INFO - Updated Discord Presence for NIKKE
2024-10-07 21:12:26,302 - INFO - Updated Discord Presence for NIKKE
2024-10-07 21:12:36,360 - INFO - Updated Discord Presence for NIKKE
2024-10-07 21:12:46,416 - INFO - Updated Discord Presence for NIKKE
2024-10-07 21:12:56,466 - INFO - Updated Discord Presence for NIKKE
2024-10-07 21:13:06,523 - INFO - Updated Discord Presence for NIKKE
2024-10-07 21:13:16,573 - INFO - Updated Discord Presence for NIKKE
2024-10-07 21:13:26,644 - INFO - Updated Discord Presence for NIKKE
2024-10-07 21:13:36,700 - INFO - Updated Discord Presence for NIKKE
2024-10-07 21:13:46,750 - INFO - Updated Discord Presence for NIKKE
2024-10-07 21:13:56,800 - INFO - Updated Discord Presence for NIKKE
2024-10-07 21:14:06,824 - INFO - Updated Discord Presence for NIKKE
2024-10-07 21:14:16,874 - INFO - Updated Discord Presence for NIKKE
2024-10-07 21:14:26,924 - INFO - Updated Discord Presence for NIKKE
2024-10-07 21:14:36,980 - INFO - Updated Discord Presence for NIKKE
2024-10-07 21:14:47,038 - INFO - Updated Discord Presence for NIKKE
2024-10-07 21:14:57,088 - INFO - Updated Discord Presence for NIKKE
2024-10-07 21:15:07,147 - INFO - Updated Discord Presence for NIKKE
2024-10-07 21:15:17,197 - INFO - Updated Discord Presence for NIKKE
2024-10-07 21:15:27,248 - INFO - Updated Discord Presence for NIKKE
2024-10-07 21:15:37,306 - INFO - Updated Discord Presence for NIKKE
2024-10-07 21:15:47,362 - INFO - Updated Discord Presence for NIKKE
2024-10-07 21:15:57,412 - INFO - Updated Discord Presence for NIKKE
2024-10-07 21:16:07,469 - INFO - Updated Discord Presence for NIKKE
2024-10-07 21:16:17,517 - INFO - Updated Discord Presence for NIKKE
2024-10-07 21:16:27,567 - INFO - Updated Discord Presence for NIKKE
2024-10-07 21:16:37,626 - INFO - Updated Discord Presence for NIKKE
2024-10-07 21:16:47,676 - INFO - Updated Discord Presence for NIKKE
2024-10-07 21:16:57,733 - INFO - Updated Discord Presence for NIKKE
2024-10-07 21:17:07,789 - INFO - Updated Discord Presence for NIKKE
2024-10-07 21:17:17,840 - INFO - Updated Discord Presence for NIKKE
2024-10-07 21:17:27,890 - INFO - Updated Discord Presence for NIKKE
2024-10-07 21:17:37,940 - INFO - Updated Discord Presence for NIKKE
2024-10-07 21:17:47,990 - INFO - Updated Discord Presence for NIKKE
2024-10-07 21:17:58,048 - INFO - Updated Discord Presence for NIKKE
2024-10-07 21:18:08,098 - INFO - Updated Discord Presence for NIKKE
2024-10-07 21:18:18,148 - INFO - Updated Discord Presence for NIKKE
2024-10-07 21:18:28,199 - INFO - Updated Discord Presence for NIKKE
2024-10-07 21:18:38,257 - INFO - Updated Discord Presence for NIKKE
2024-10-07 21:18:48,306 - INFO - Updated Discord Presence for NIKKE
2024-10-07 21:18:58,356 - INFO - Updated Discord Presence for NIKKE
2024-10-07 21:19:08,405 - INFO - Updated Discord Presence for NIKKE
2024-10-07 21:19:18,455 - INFO - Updated Discord Presence for NIKKE
2024-10-07 21:19:28,503 - INFO - Updated Discord Presence for NIKKE
2024-10-07 21:19:38,551 - INFO - Updated Discord Presence for NIKKE
2024-10-07 21:19:48,601 - INFO - Updated Discord Presence for NIKKE
2024-10-07 21:19:58,660 - INFO - Updated Discord Presence for NIKKE
2024-10-07 21:20:08,712 - INFO - Updated Discord Presence for NIKKE
2024-10-07 21:20:18,763 - INFO - Updated Discord Presence for NIKKE
2024-10-07 21:20:28,811 - INFO - Updated Discord Presence for NIKKE
2024-10-07 21:20:38,862 - INFO - Updated Discord Presence for NIKKE
2024-10-07 21:20:48,920 - INFO - Updated Discord Presence for NIKKE
2024-10-07 21:20:58,999 - INFO - Updated Discord Presence for NIKKE
2024-10-07 21:21:09,102 - INFO - Updated Discord Presence for NIKKE
2024-10-07 21:21:19,171 - INFO - Updated Discord Presence for NIKKE
2024-10-07 21:21:29,224 - INFO - Updated Discord Presence for NIKKE
2024-10-07 21:21:39,294 - INFO - Updated Discord Presence for NIKKE
2024-10-07 21:21:49,357 - INFO - Updated Discord Presence for NIKKE
2024-10-07 21:21:59,414 - INFO - Updated Discord Presence for NIKKE
2024-10-07 21:22:09,431 - INFO - Updated Discord Presence for NIKKE
2024-10-07 21:22:19,495 - INFO - Updated Discord Presence for NIKKE
2024-10-07 21:22:29,547 - INFO - Updated Discord Presence for NIKKE
2024-10-07 21:22:39,620 - INFO - Updated Discord Presence for NIKKE
2024-10-07 21:22:49,685 - INFO - Updated Discord Presence for NIKKE
2024-10-07 21:22:59,763 - INFO - Updated Discord Presence for NIKKE
2024-10-07 21:23:09,834 - INFO - Updated Discord Presence for NIKKE
2024-10-07 21:23:19,904 - INFO - Updated Discord Presence for NIKKE
2024-10-07 21:23:29,962 - INFO - Updated Discord Presence for NIKKE
2024-10-07 21:23:40,077 - INFO - Updated Discord Presence for NIKKE
2024-10-07 21:23:50,101 - INFO - Updated Discord Presence for NIKKE
2024-10-07 21:24:00,162 - INFO - Updated Discord Presence for NIKKE
2024-10-07 21:24:10,215 - INFO - Updated Discord Presence for NIKKE
2024-10-07 21:24:20,275 - INFO - Updated Discord Presence for NIKKE
2024-10-07 21:24:30,334 - INFO - Updated Discord Presence for NIKKE
2024-10-07 21:24:40,388 - INFO - Updated Discord Presence for NIKKE
2024-10-07 21:24:50,449 - INFO - Updated Discord Presence for NIKKE
2024-10-07 21:25:00,505 - INFO - Updated Discord Presence for NIKKE
2024-10-07 21:25:10,556 - INFO - Updated Discord Presence for NIKKE
2024-10-07 21:25:20,616 - INFO - Updated Discord Presence for NIKKE
2024-10-07 21:25:30,678 - INFO - Updated Discord Presence for NIKKE
2024-10-07 21:25:40,731 - INFO - Updated Discord Presence for NIKKE
2024-10-07 21:25:50,794 - INFO - Updated Discord Presence for NIKKE
2024-10-07 21:26:00,854 - INFO - Updated Discord Presence for NIKKE
2024-10-07 21:26:10,908 - INFO - Updated Discord Presence for NIKKE
2024-10-07 21:26:20,966 - INFO - Updated Discord Presence for NIKKE
2024-10-07 21:26:31,019 - INFO - Updated Discord Presence for NIKKE
2024-10-07 21:26:41,072 - INFO - Updated Discord Presence for NIKKE
2024-10-07 21:26:51,131 - INFO - Updated Discord Presence for NIKKE
2024-10-07 21:27:01,189 - INFO - Updated Discord Presence for NIKKE
2024-10-07 21:27:11,239 - INFO - Updated Discord Presence for NIKKE
2024-10-07 21:27:21,301 - INFO - Updated Discord Presence for NIKKE
2024-10-07 21:27:31,363 - INFO - Updated Discord Presence for NIKKE
2024-10-07 21:27:41,414 - INFO - Updated Discord Presence for NIKKE
2024-10-07 21:27:51,475 - INFO - Updated Discord Presence for NIKKE
2024-10-07 21:28:01,498 - INFO - Updated Discord Presence for NIKKE
2024-10-07 21:28:11,560 - INFO - Updated Discord Presence for NIKKE
2024-10-07 21:28:21,619 - INFO - Updated Discord Presence for NIKKE
2024-10-07 21:28:31,684 - INFO - Updated Discord Presence for NIKKE
2024-10-07 21:28:41,746 - INFO - Updated Discord Presence for NIKKE
2024-10-07 21:28:51,805 - INFO - Updated Discord Presence for NIKKE
2024-10-07 21:29:01,863 - INFO - Updated Discord Presence for NIKKE
2024-10-07 21:29:11,923 - INFO - Updated Discord Presence for NIKKE
2024-10-07 21:29:21,979 - INFO - Updated Discord Presence for NIKKE
2024-10-07 21:29:32,037 - INFO - Updated Discord Presence for NIKKE
2024-10-07 21:29:42,095 - INFO - Updated Discord Presence for NIKKE
2024-10-07 21:29:52,163 - INFO - Updated Discord Presence for NIKKE
2024-10-07 21:30:02,222 - INFO - Updated Discord Presence for NIKKE
2024-10-07 21:30:12,278 - INFO - Updated Discord Presence for NIKKE
2024-10-07 21:30:22,336 - INFO - Updated Discord Presence for NIKKE
2024-10-07 21:30:32,394 - INFO - Updated Discord Presence for NIKKE
2024-10-07 21:30:42,452 - INFO - Updated Discord Presence for NIKKE
2024-10-07 21:30:52,515 - INFO - Updated Discord Presence for NIKKE
2024-10-07 21:31:02,572 - INFO - Updated Discord Presence for NIKKE
2024-10-07 21:31:12,627 - INFO - Updated Discord Presence for NIKKE
2024-10-07 21:31:22,678 - INFO - Updated Discord Presence for NIKKE
2024-10-07 21:31:32,729 - INFO - Updated Discord Presence for NIKKE
2024-10-07 21:31:42,788 - INFO - Updated Discord Presence for NIKKE
2024-10-07 21:31:52,840 - INFO - Updated Discord Presence for NIKKE
2024-10-07 21:32:02,899 - INFO - Updated Discord Presence for NIKKE
2024-10-07 21:32:12,956 - INFO - Updated Discord Presence for NIKKE
2024-10-07 21:32:23,019 - INFO - Updated Discord Presence for NIKKE
2024-10-07 21:32:33,079 - INFO - Updated Discord Presence for NIKKE
2024-10-07 21:32:43,136 - INFO - Updated Discord Presence for NIKKE
2024-10-07 21:32:53,194 - INFO - Updated Discord Presence for NIKKE
2024-10-07 21:33:03,255 - INFO - Updated Discord Presence for NIKKE
2024-10-07 21:33:13,308 - INFO - Updated Discord Presence for NIKKE
2024-10-07 21:33:23,371 - INFO - Updated Discord Presence for NIKKE
2024-10-07 21:33:33,432 - INFO - Updated Discord Presence for NIKKE
2024-10-07 21:33:43,519 - INFO - Updated Discord Presence for NIKKE
2024-10-07 21:33:53,580 - INFO - Updated Discord Presence for NIKKE
2024-10-07 21:34:03,644 - INFO - Updated Discord Presence for NIKKE
2024-10-07 21:34:13,718 - INFO - Updated Discord Presence for NIKKE
2024-10-07 21:34:23,779 - INFO - Updated Discord Presence for NIKKE
2024-10-07 21:34:33,851 - INFO - Updated Discord Presence for NIKKE
2024-10-07 21:34:43,909 - INFO - Updated Discord Presence for NIKKE
2024-10-07 21:34:53,973 - INFO - Updated Discord Presence for NIKKE
2024-10-07 21:35:04,036 - INFO - Updated Discord Presence for NIKKE
2024-10-07 21:35:14,097 - INFO - Updated Discord Presence for NIKKE
2024-10-07 21:35:24,154 - INFO - Updated Discord Presence for NIKKE
2024-10-07 21:35:34,215 - INFO - Updated Discord Presence for NIKKE
2024-10-07 21:35:44,285 - INFO - Updated Discord Presence for NIKKE
2024-10-07 21:35:54,344 - INFO - Updated Discord Presence for NIKKE
2024-10-07 21:36:04,406 - INFO - Updated Discord Presence for NIKKE
2024-10-07 21:36:14,465 - INFO - Updated Discord Presence for NIKKE
2024-10-07 21:36:24,525 - INFO - Updated Discord Presence for NIKKE
2024-10-07 21:36:34,583 - INFO - Updated Discord Presence for NIKKE
2024-10-07 21:36:44,644 - INFO - Updated Discord Presence for NIKKE
2024-10-07 21:36:54,706 - INFO - Updated Discord Presence for NIKKE
2024-10-07 21:37:04,764 - INFO - Updated Discord Presence for NIKKE
2024-10-07 21:37:14,823 - INFO - Updated Discord Presence for NIKKE
2024-10-07 21:37:24,882 - INFO - Updated Discord Presence for NIKKE
2024-10-07 21:37:34,944 - INFO - Updated Discord Presence for NIKKE
2024-10-07 21:37:44,997 - INFO - Updated Discord Presence for NIKKE
2024-10-07 21:37:55,059 - INFO - Updated Discord Presence for NIKKE
2024-10-07 21:38:05,117 - INFO - Updated Discord Presence for NIKKE
2024-10-07 21:38:15,183 - INFO - Updated Discord Presence for NIKKE
2024-10-07 21:38:25,243 - INFO - Updated Discord Presence for NIKKE
2024-10-07 21:38:35,299 - INFO - Updated Discord Presence for NIKKE
2024-10-07 21:38:45,357 - INFO - Updated Discord Presence for NIKKE
2024-10-07 21:38:55,419 - INFO - Updated Discord Presence for NIKKE
2024-10-07 21:39:05,480 - INFO - Updated Discord Presence for NIKKE
2024-10-07 21:39:15,533 - INFO - Updated Discord Presence for NIKKE
2024-10-07 21:39:25,589 - INFO - Updated Discord Presence for NIKKE
2024-10-07 21:39:35,650 - INFO - Updated Discord Presence for NIKKE
2024-10-07 21:39:45,702 - INFO - Updated Discord Presence for NIKKE
2024-10-07 21:39:55,750 - INFO - Updated Discord Presence for NIKKE
2024-10-07 21:40:05,813 - INFO - Updated Discord Presence for NIKKE
2024-10-07 21:40:15,864 - INFO - Updated Discord Presence for NIKKE
2024-10-07 21:40:25,915 - INFO - Updated Discord Presence for NIKKE
2024-10-07 21:40:35,976 - INFO - Updated Discord Presence for NIKKE
2024-10-07 21:40:46,029 - INFO - Updated Discord Presence for NIKKE
2024-10-07 21:40:56,079 - INFO - Updated Discord Presence for NIKKE
2024-10-07 21:41:06,142 - INFO - Updated Discord Presence for NIKKE
2024-10-07 21:41:16,195 - INFO - Updated Discord Presence for NIKKE
2024-10-07 21:41:26,245 - INFO - Updated Discord Presence for NIKKE
2024-10-07 21:41:36,299 - INFO - Updated Discord Presence for NIKKE
2024-10-07 21:41:46,348 - INFO - Updated Discord Presence for NIKKE
2024-10-07 21:41:56,400 - INFO - Updated Discord Presence for NIKKE
2024-10-07 21:42:06,471 - INFO - Updated Discord Presence for NIKKE
2024-10-07 21:42:16,486 - INFO - Updated Discord Presence for NIKKE
2024-10-07 21:42:26,504 - INFO - Updated Discord Presence for NIKKE
2024-10-07 21:42:36,561 - INFO - Updated Discord Presence for NIKKE
2024-10-07 21:42:46,619 - INFO - Updated Discord Presence for NIKKE
2024-10-07 21:42:56,680 - INFO - Updated Discord Presence for NIKKE
2024-10-07 21:43:06,736 - INFO - Updated Discord Presence for NIKKE
2024-10-07 21:43:16,827 - INFO - Updated Discord Presence for NIKKE
2024-10-07 21:43:26,885 - INFO - Updated Discord Presence for NIKKE
2024-10-07 21:43:36,943 - INFO - Updated Discord Presence for NIKKE
2024-10-07 21:43:47,000 - INFO - Updated Discord Presence for NIKKE
2024-10-07 21:43:57,058 - INFO - Updated Discord Presence for NIKKE
2024-10-07 21:44:07,115 - INFO - Updated Discord Presence for NIKKE
2024-10-07 21:44:17,166 - INFO - Updated Discord Presence for NIKKE
2024-10-07 21:44:27,217 - INFO - Updated Discord Presence for NIKKE
2024-10-07 21:44:37,297 - INFO - Updated Discord Presence for NIKKE
2024-10-07 21:44:47,365 - INFO - Updated Discord Presence for NIKKE
2024-10-07 21:44:57,422 - INFO - Updated Discord Presence for NIKKE
2024-10-07 21:45:07,472 - INFO - Updated Discord Presence for NIKKE
2024-10-07 21:45:17,529 - INFO - Updated Discord Presence for NIKKE
2024-10-07 21:45:27,588 - INFO - Updated Discord Presence for NIKKE
2024-10-07 21:45:37,645 - INFO - Updated Discord Presence for NIKKE
2024-10-07 21:45:47,705 - INFO - Updated Discord Presence for NIKKE
2024-10-07 21:45:57,762 - INFO - Updated Discord Presence for NIKKE
2024-10-07 21:46:07,814 - INFO - Updated Discord Presence for NIKKE
2024-10-07 21:46:17,873 - INFO - Updated Discord Presence for NIKKE
2024-10-07 21:46:27,923 - INFO - Updated Discord Presence for NIKKE
2024-10-07 21:46:37,973 - INFO - Updated Discord Presence for NIKKE
2024-10-07 21:46:48,024 - INFO - Updated Discord Presence for NIKKE
2024-10-07 21:46:58,082 - INFO - Updated Discord Presence for NIKKE
2024-10-07 21:47:08,132 - INFO - Updated Discord Presence for NIKKE
2024-10-07 21:47:18,191 - INFO - Updated Discord Presence for NIKKE
2024-10-07 21:47:28,248 - INFO - Updated Discord Presence for NIKKE
2024-10-07 21:47:38,295 - INFO - Updated Discord Presence for NIKKE
2024-10-07 21:47:48,354 - INFO - Updated Discord Presence for NIKKE
2024-10-07 21:47:58,412 - INFO - Updated Discord Presence for NIKKE
2024-10-07 21:48:08,470 - INFO - Updated Discord Presence for NIKKE
2024-10-07 21:48:18,526 - INFO - Updated Discord Presence for NIKKE
2024-10-07 21:48:28,585 - INFO - Updated Discord Presence for NIKKE
2024-10-07 21:48:38,640 - INFO - Updated Discord Presence for NIKKE
2024-10-07 21:48:48,699 - INFO - Updated Discord Presence for NIKKE
2024-10-07 21:48:58,758 - INFO - Updated Discord Presence for NIKKE
2024-10-07 21:49:08,816 - INFO - Updated Discord Presence for NIKKE
2024-10-07 21:49:18,873 - INFO - Updated Discord Presence for NIKKE
2024-10-07 21:49:28,930 - INFO - Updated Discord Presence for NIKKE
2024-10-07 21:49:38,982 - INFO - Updated Discord Presence for NIKKE
2024-10-07 21:49:49,039 - INFO - Updated Discord Presence for NIKKE
2024-10-07 21:49:59,123 - INFO - Updated Discord Presence for NIKKE
2024-10-07 21:50:09,189 - INFO - Updated Discord Presence for NIKKE
2024-10-07 21:50:19,248 - INFO - Updated Discord Presence for NIKKE
2024-10-07 21:50:29,306 - INFO - Updated Discord Presence for NIKKE
2024-10-07 21:50:39,365 - INFO - Updated Discord Presence for NIKKE
2024-10-07 21:50:49,591 - INFO - Updated Discord Presence for NIKKE
2024-10-07 21:50:59,802 - INFO - Updated Discord Presence for NIKKE
2024-10-07 21:51:10,182 - INFO - Updated Discord Presence for NIKKE
2024-10-07 21:51:20,373 - INFO - Updated Discord Presence for NIKKE
2024-10-07 21:51:30,420 - INFO - Updated Discord Presence for NIKKE
2024-10-07 21:51:40,479 - INFO - Updated Discord Presence for NIKKE
2024-10-07 21:51:50,535 - INFO - Updated Discord Presence for NIKKE
2024-10-07 21:52:00,590 - INFO - Updated Discord Presence for NIKKE
2024-10-07 21:52:10,649 - INFO - Updated Discord Presence for NIKKE
2024-10-07 21:52:20,707 - INFO - Updated Discord Presence for NIKKE
2024-10-07 21:52:30,766 - INFO - Updated Discord Presence for NIKKE
2024-10-07 21:52:40,816 - INFO - Updated Discord Presence for NIKKE
2024-10-07 21:52:50,872 - INFO - Updated Discord Presence for NIKKE
2024-10-07 21:53:00,926 - INFO - Updated Discord Presence for NIKKE
2024-10-07 21:53:10,985 - INFO - Updated Discord Presence for NIKKE
2024-10-07 21:53:21,042 - INFO - Updated Discord Presence for NIKKE
2024-10-07 21:53:31,102 - INFO - Updated Discord Presence for NIKKE
2024-10-07 21:53:41,158 - INFO - Updated Discord Presence for NIKKE
2024-10-07 21:53:51,216 - INFO - Updated Discord Presence for NIKKE
2024-10-07 21:54:01,273 - INFO - Updated Discord Presence for NIKKE
2024-10-07 21:54:11,328 - INFO - Updated Discord Presence for NIKKE
2024-10-07 21:54:21,387 - INFO - Updated Discord Presence for NIKKE
2024-10-07 21:54:31,446 - INFO - Updated Discord Presence for NIKKE
2024-10-07 21:54:41,469 - INFO - Updated Discord Presence for NIKKE
2024-10-07 21:54:51,527 - INFO - Updated Discord Presence for NIKKE
2024-10-07 21:55:01,584 - INFO - Updated Discord Presence for NIKKE
2024-10-07 21:55:11,644 - INFO - Updated Discord Presence for NIKKE
2024-10-07 21:55:21,700 - INFO - Updated Discord Presence for NIKKE
2024-10-07 21:55:31,758 - INFO - Updated Discord Presence for NIKKE
2024-10-07 21:55:41,816 - INFO - Updated Discord Presence for NIKKE
2024-10-07 21:55:51,879 - INFO - Updated Discord Presence for NIKKE
2024-10-07 21:56:01,937 - INFO - Updated Discord Presence for NIKKE
2024-10-07 21:56:11,994 - INFO - Updated Discord Presence for NIKKE
2024-10-07 21:56:22,051 - INFO - Updated Discord Presence for NIKKE
2024-10-07 21:56:32,101 - INFO - Updated Discord Presence for NIKKE
2024-10-07 21:56:42,168 - INFO - Updated Discord Presence for NIKKE
2024-10-07 21:56:52,227 - INFO - Updated Discord Presence for NIKKE
2024-10-07 21:57:02,285 - INFO - Updated Discord Presence for NIKKE
2024-10-07 21:57:12,343 - INFO - Updated Discord Presence for NIKKE
2024-10-07 21:57:22,400 - INFO - Updated Discord Presence for NIKKE
2024-10-07 21:57:32,456 - INFO - Updated Discord Presence for NIKKE
2024-10-07 21:57:42,513 - INFO - Updated Discord Presence for NIKKE
2024-10-07 21:57:52,567 - INFO - Updated Discord Presence for NIKKE
2024-10-07 21:58:02,616 - INFO - Updated Discord Presence for NIKKE
2024-10-07 21:58:12,673 - INFO - Updated Discord Presence for NIKKE
2024-10-07 21:58:22,733 - INFO - Updated Discord Presence for NIKKE
2024-10-07 21:58:32,790 - INFO - Updated Discord Presence for NIKKE
2024-10-07 21:58:42,846 - INFO - Updated Discord Presence for NIKKE
2024-10-07 21:58:52,903 - INFO - Updated Discord Presence for NIKKE
2024-10-07 21:59:02,962 - INFO - Updated Discord Presence for NIKKE
2024-10-07 21:59:13,018 - INFO - Updated Discord Presence for NIKKE
2024-10-07 21:59:23,074 - INFO - Updated Discord Presence for NIKKE
2024-10-07 21:59:33,131 - INFO - Updated Discord Presence for NIKKE
2024-10-07 21:59:43,188 - INFO - Updated Discord Presence for NIKKE
2024-10-07 21:59:53,246 - INFO - Updated Discord Presence for NIKKE
2024-10-07 22:00:03,325 - INFO - Updated Discord Presence for NIKKE
2024-10-07 22:00:13,385 - INFO - Updated Discord Presence for NIKKE
2024-10-07 22:00:23,441 - INFO - Updated Discord Presence for NIKKE
2024-10-07 22:00:33,497 - INFO - Updated Discord Presence for NIKKE
2024-10-07 22:00:43,554 - INFO - Updated Discord Presence for NIKKE
2024-10-07 22:00:53,577 - INFO - Updated Discord Presence for NIKKE
2024-10-07 22:01:03,635 - INFO - Updated Discord Presence for NIKKE
2024-10-07 22:01:13,691 - INFO - Updated Discord Presence for NIKKE
2024-10-07 22:01:23,750 - INFO - Updated Discord Presence for NIKKE
2024-10-07 22:01:33,809 - INFO - Updated Discord Presence for NIKKE
2024-10-07 22:01:43,865 - INFO - Updated Discord Presence for NIKKE
2024-10-07 22:01:53,915 - INFO - Updated Discord Presence for NIKKE
2024-10-07 22:02:03,971 - INFO - Updated Discord Presence for NIKKE
2024-10-07 22:02:14,027 - INFO - Updated Discord Presence for NIKKE
2024-10-07 22:02:24,086 - INFO - Updated Discord Presence for NIKKE
2024-10-07 22:02:34,142 - INFO - Updated Discord Presence for NIKKE
2024-10-07 22:02:44,200 - INFO - Updated Discord Presence for NIKKE
2024-10-07 22:02:54,257 - INFO - Updated Discord Presence for NIKKE
2024-10-07 22:03:04,314 - INFO - Updated Discord Presence for NIKKE
2024-10-07 22:03:14,371 - INFO - Updated Discord Presence for NIKKE
2024-10-07 22:03:24,428 - INFO - Updated Discord Presence for NIKKE
2024-10-07 22:03:34,477 - INFO - Updated Discord Presence for NIKKE
2024-10-07 22:03:44,534 - INFO - Updated Discord Presence for NIKKE
2024-10-07 22:03:54,592 - INFO - Updated Discord Presence for NIKKE
2024-10-07 22:04:04,648 - INFO - Updated Discord Presence for NIKKE
2024-10-07 22:04:14,704 - INFO - Updated Discord Presence for NIKKE
2024-10-07 22:04:24,762 - INFO - Updated Discord Presence for NIKKE
2024-10-07 22:04:34,820 - INFO - Updated Discord Presence for NIKKE
2024-10-07 22:04:44,877 - INFO - Updated Discord Presence for NIKKE
2024-10-07 22:04:54,934 - INFO - Updated Discord Presence for NIKKE
2024-10-07 22:05:04,949 - INFO - Updated Discord Presence for NIKKE
2024-10-07 22:05:15,006 - INFO - Updated Discord Presence for NIKKE
2024-10-07 22:05:25,065 - INFO - Updated Discord Presence for NIKKE
2024-10-07 22:05:35,132 - INFO - Updated Discord Presence for NIKKE
2024-10-07 22:05:45,190 - INFO - Updated Discord Presence for NIKKE
2024-10-07 22:05:55,247 - INFO - Updated Discord Presence for NIKKE
2024-10-07 22:06:05,296 - INFO - Updated Discord Presence for NIKKE
2024-10-07 22:06:15,321 - INFO - Updated Discord Presence for NIKKE
2024-10-07 22:06:25,374 - INFO - Updated Discord Presence for NIKKE
2024-10-07 22:06:35,430 - INFO - Updated Discord Presence for NIKKE
2024-10-07 22:06:45,487 - INFO - Updated Discord Presence for NIKKE
2024-10-07 22:06:55,546 - INFO - Updated Discord Presence for NIKKE
2024-10-07 22:07:05,606 - INFO - Updated Discord Presence for NIKKE
2024-10-07 22:07:15,664 - INFO - Updated Discord Presence for NIKKE
2024-10-07 22:07:25,721 - INFO - Updated Discord Presence for NIKKE
2024-10-07 22:07:35,794 - INFO - Updated Discord Presence for NIKKE
2024-10-07 22:07:45,857 - INFO - Updated Discord Presence for NIKKE
2024-10-07 22:07:55,915 - INFO - Updated Discord Presence for NIKKE
2024-10-07 22:08:05,973 - INFO - Updated Discord Presence for NIKKE
2024-10-07 22:08:16,030 - INFO - Updated Discord Presence for NIKKE
2024-10-07 22:08:26,091 - INFO - Updated Discord Presence for NIKKE
2024-10-07 22:08:36,149 - INFO - Updated Discord Presence for NIKKE
2024-10-07 22:08:46,208 - INFO - Updated Discord Presence for NIKKE
2024-10-07 22:08:56,266 - INFO - Updated Discord Presence for NIKKE
2024-10-07 22:09:06,323 - INFO - Updated Discord Presence for NIKKE
2024-10-07 22:09:16,374 - INFO - Updated Discord Presence for NIKKE
2024-10-07 22:09:26,431 - INFO - Updated Discord Presence for NIKKE
2024-10-07 22:09:36,485 - INFO - Updated Discord Presence for NIKKE
2024-10-07 22:09:46,542 - INFO - Updated Discord Presence for NIKKE
2024-10-07 22:09:56,599 - INFO - Updated Discord Presence for NIKKE
2024-10-07 22:10:06,655 - INFO - Updated Discord Presence for NIKKE
2024-10-07 22:10:16,713 - INFO - Updated Discord Presence for NIKKE
2024-10-07 22:10:26,772 - INFO - Updated Discord Presence for NIKKE
2024-10-07 22:10:36,829 - INFO - Updated Discord Presence for NIKKE
2024-10-07 22:10:46,885 - INFO - Updated Discord Presence for NIKKE
2024-10-07 22:10:56,943 - INFO - Updated Discord Presence for NIKKE
2024-10-07 22:11:07,000 - INFO - Updated Discord Presence for NIKKE
2024-10-07 22:11:17,058 - INFO - Updated Discord Presence for NIKKE
2024-10-07 22:11:27,117 - INFO - Updated Discord Presence for NIKKE
2024-10-07 22:11:37,167 - INFO - Updated Discord Presence for NIKKE
2024-10-07 22:11:47,226 - INFO - Updated Discord Presence for NIKKE
2024-10-07 22:11:57,283 - INFO - Updated Discord Presence for NIKKE
2024-10-07 22:12:07,340 - INFO - Updated Discord Presence for NIKKE
2024-10-07 22:12:17,400 - INFO - Updated Discord Presence for NIKKE
2024-10-07 22:12:27,476 - INFO - Updated Discord Presence for NIKKE
2024-10-07 22:12:37,529 - INFO - Updated Discord Presence for NIKKE
2024-10-07 22:12:47,592 - INFO - Updated Discord Presence for NIKKE
2024-10-07 22:12:57,643 - INFO - Updated Discord Presence for NIKKE
2024-10-07 22:13:07,704 - INFO - Updated Discord Presence for NIKKE
2024-10-07 22:13:17,754 - INFO - Updated Discord Presence for NIKKE
2024-10-07 22:13:27,815 - INFO - Updated Discord Presence for NIKKE
2024-10-07 22:13:37,876 - INFO - Updated Discord Presence for NIKKE
2024-10-07 22:13:47,937 - INFO - Updated Discord Presence for NIKKE
2024-10-07 22:13:57,987 - INFO - Updated Discord Presence for NIKKE
2024-10-07 22:14:08,045 - INFO - Updated Discord Presence for NIKKE
2024-10-07 22:14:18,098 - INFO - Updated Discord Presence for NIKKE
2024-10-07 22:14:28,153 - INFO - Updated Discord Presence for NIKKE
2024-10-07 22:14:38,218 - INFO - Updated Discord Presence for NIKKE
2024-10-07 22:14:48,276 - INFO - Updated Discord Presence for NIKKE
2024-10-07 22:14:58,333 - INFO - Updated Discord Presence for NIKKE
2024-10-07 22:15:08,393 - INFO - Updated Discord Presence for NIKKE
2024-10-07 22:15:18,452 - INFO - Updated Discord Presence for NIKKE
2024-10-07 22:15:28,510 - INFO - Updated Discord Presence for NIKKE
2024-10-07 22:15:38,568 - INFO - Updated Discord Presence for NIKKE
2024-10-07 22:15:48,630 - INFO - Updated Discord Presence for NIKKE
2024-10-07 22:15:58,691 - INFO - Updated Discord Presence for NIKKE
2024-10-07 22:16:08,749 - INFO - Updated Discord Presence for NIKKE
2024-10-07 22:16:18,822 - INFO - Updated Discord Presence for NIKKE
2024-10-07 22:16:28,874 - INFO - Updated Discord Presence for NIKKE
2024-10-07 22:16:38,925 - INFO - Updated Discord Presence for NIKKE
2024-10-07 22:16:48,978 - INFO - Updated Discord Presence for NIKKE
2024-10-07 22:16:59,037 - INFO - Updated Discord Presence for NIKKE
2024-10-07 22:17:09,097 - INFO - Updated Discord Presence for NIKKE
2024-10-07 22:17:19,157 - INFO - Updated Discord Presence for NIKKE
2024-10-07 22:17:29,224 - INFO - Updated Discord Presence for NIKKE
